<?xml version="1.0" encoding="UTF-8"?>
<!-- Generated by org.testng.reporters.JUnitReportReporter -->
<testsuite hostname="FEUJI-V005D" failures="0" tests="5" name="com.playwright.test.AccessibilityTest" time="46.257" errors="0" timestamp="2024-03-04T14:55:33 IST" skipped="0">
  <testcase classname="com.playwright.test.AccessibilityTest" name="scanHomePage" time="8.579"/>
  <system-out/>
  <testcase classname="com.playwright.test.AccessibilityTest" name="scanLoginPage" time="8.443"/>
  <system-out/>
  <testcase classname="com.playwright.test.AccessibilityTest" name="scanSignUpPage" time="8.136"/>
  <system-out/>
  <testcase classname="com.playwright.test.AccessibilityTest" name="scanMyAccountPage" time="10.161"/>
  <system-out/>
  <testcase classname="com.playwright.test.AccessibilityTest" name="scanMenClothesPage" time="10.938"/>
  <system-out/>
</testsuite> <!-- com.playwright.test.AccessibilityTest -->
